Traceback (most recent call last):
  File "/Users/zakigf/miniconda3/envs/scworkflow/lib/python3.7/site-packages/jupyter_cache/executors/utils.py", line 64, in single_nb_execution
    **kwargs,
  File "/Users/zakigf/miniconda3/envs/scworkflow/lib/python3.7/site-packages/nbclient/client.py", line 1269, in execute
    return NotebookClient(nb=nb, resources=resources, km=km, **kwargs).execute()
  File "/Users/zakigf/miniconda3/envs/scworkflow/lib/python3.7/site-packages/nbclient/util.py", line 85, in wrapped
    return just_run(coro(*args, **kwargs))
  File "/Users/zakigf/miniconda3/envs/scworkflow/lib/python3.7/site-packages/nbclient/util.py", line 60, in just_run
    return loop.run_until_complete(coro)
  File "/Users/zakigf/miniconda3/envs/scworkflow/lib/python3.7/asyncio/base_events.py", line 587, in run_until_complete
    return future.result()
  File "/Users/zakigf/miniconda3/envs/scworkflow/lib/python3.7/site-packages/nbclient/client.py", line 708, in async_execute
    cell, index, execution_count=self.code_cells_executed + 1
  File "/Users/zakigf/miniconda3/envs/scworkflow/lib/python3.7/site-packages/nbclient/client.py", line 1025, in async_execute_cell
    await self._check_raise_for_error(cell, cell_index, exec_reply)
  File "/Users/zakigf/miniconda3/envs/scworkflow/lib/python3.7/site-packages/nbclient/client.py", line 919, in _check_raise_for_error
    raise CellExecutionError.from_cell_and_msg(cell, exec_reply_content)
nbclient.exceptions.CellExecutionError: An error occurred while executing the following cell:
------------------
import scworkflow

print(scworkflow.__version__)
------------------

[0;31m---------------------------------------------------------------------------[0m
[0;31mAttributeError[0m                            Traceback (most recent call last)
[0;32m<ipython-input-1-7cbb27d76803>[0m in [0;36m<module>[0;34m[0m
[1;32m      1[0m [0;32mimport[0m [0mscworkflow[0m[0;34m[0m[0;34m[0m[0m
[1;32m      2[0m [0;34m[0m[0m
[0;32m----> 3[0;31m [0mprint[0m[0;34m([0m[0mscworkflow[0m[0;34m.[0m[0m__version__[0m[0;34m)[0m[0;34m[0m[0;34m[0m[0m
[0m
[0;31mAttributeError[0m: module 'scworkflow' has no attribute '__version__'
AttributeError: module 'scworkflow' has no attribute '__version__'

